2023-01-20T16:51:31: Unknown command: "watch"

Did you mean this?
    npm run watch # run the "watch" package script

2023-01-20T16:51:31: To see a list of supported npm commands, run:
  npm help
2023-01-20T16:51:31: 2023-01-20T16:51:31: 2023-01-20T16:51:38: Unknown command: "watch"

Did you mean this?
    npm run watch # run the "watch" package script

2023-01-20T16:51:39: To see a list of supported npm commands, run:
  npm help
2023-01-20T16:51:39: 2023-01-20T16:51:39: 2023-01-20T16:51:43: Unknown command: "watch"

Did you mean this?
    npm run watch # run the "watch" package script

2023-01-20T16:51:43: To see a list of supported npm commands, run:
  npm help
2023-01-20T16:51:43: 2023-01-20T16:51:43: 2023-01-20T16:51:48: Unknown command: "watch"

Did you mean this?
    npm run watch # run the "watch" package script

2023-01-20T16:51:48: To see a list of supported npm commands, run:
  npm help
2023-01-20T16:51:48: 2023-01-20T16:51:48: 2023-01-20T16:51:51: Unknown command: "watch"

Did you mean this?
    npm run watch # run the "watch" package script

2023-01-20T16:51:51: To see a list of supported npm commands, run:
  npm help
2023-01-20T16:51:51: 2023-01-20T16:51:51: 2023-01-20T16:51:54: Unknown command: "watch"

Did you mean this?
    npm run watch # run the "watch" package script

2023-01-20T16:51:54: To see a list of supported npm commands, run:
  npm help
2023-01-20T16:51:54: 2023-01-20T16:51:54: 2023-01-20T16:52:00: Unknown command: "watch"

Did you mean this?
    npm run watch # run the "watch" package script

2023-01-20T16:52:00: To see a list of supported npm commands, run:
  npm help
2023-01-20T16:52:00: 2023-01-20T16:52:00: 2023-01-20T16:52:05: Unknown command: "watch"

Did you mean this?
    npm run watch # run the "watch" package script

2023-01-20T16:52:05: To see a list of supported npm commands, run:
  npm help
2023-01-20T16:52:05: 2023-01-20T16:52:05: 2023-01-20T16:52:27: Unknown command: "watch"

Did you mean this?
    npm run watch # run the "watch" package script

2023-01-20T16:52:27: To see a list of supported npm commands, run:
  npm help
2023-01-20T16:52:27: 2023-01-20T16:52:27: 2023-01-20T16:52:31: Unknown command: "watch"

Did you mean this?
    npm run watch # run the "watch" package script

2023-01-20T16:52:31: To see a list of supported npm commands, run:
  npm help
2023-01-20T16:52:31: 2023-01-20T16:52:31: 2023-01-20T16:52:35: Unknown command: "watch"

Did you mean this?
    npm run watch # run the "watch" package script

2023-01-20T16:52:35: To see a list of supported npm commands, run:
  npm help
2023-01-20T16:52:35: 2023-01-20T16:52:35: 2023-01-20T16:52:44: Unknown command: "watch"

Did you mean this?
    npm run watch # run the "watch" package script

2023-01-20T16:52:44: To see a list of supported npm commands, run:
  npm help
2023-01-20T16:52:44: 2023-01-20T16:52:44: 2023-01-20T16:52:55: Unknown command: "watch"

Did you mean this?
    npm run watch # run the "watch" package script

2023-01-20T16:52:55: To see a list of supported npm commands, run:
  npm help
2023-01-20T16:52:55: 2023-01-20T16:52:55: 2023-01-20T16:52:59: Unknown command: "watch"

Did you mean this?
    npm run watch # run the "watch" package script

2023-01-20T16:52:59: To see a list of supported npm commands, run:
  npm help
2023-01-20T16:52:59: 2023-01-20T16:52:59: 2023-01-20T16:53:19: Unknown command: "watch"

Did you mean this?
    npm run watch # run the "watch" package script

2023-01-20T16:53:19: To see a list of supported npm commands, run:
  npm help
2023-01-20T16:53:19: 2023-01-20T16:53:19: 2023-01-20T16:53:25: Unknown command: "watch"

Did you mean this?
    npm run watch # run the "watch" package script

2023-01-20T16:53:25: To see a list of supported npm commands, run:
  npm help
2023-01-20T16:53:25: 2023-01-20T16:53:25: 2023-01-20T16:53:30: Unknown command: "watch"

Did you mean this?
    npm run watch # run the "watch" package script

2023-01-20T16:53:30: To see a list of supported npm commands, run:
  npm help
2023-01-20T16:53:30: 2023-01-20T16:53:30: 2023-01-20T16:53:32: Unknown command: "watch"

Did you mean this?
    npm run watch # run the "watch" package script

2023-01-20T16:53:32: To see a list of supported npm commands, run:
  npm help
2023-01-20T16:53:32: 2023-01-20T16:53:32: 2023-01-20T16:53:36: Unknown command: "watch"

Did you mean this?
    npm run watch # run the "watch" package script

2023-01-20T16:53:36: To see a list of supported npm commands, run:
  npm help
2023-01-20T16:53:36: 2023-01-20T16:53:36: 2023-01-20T16:53:40: Unknown command: "watch"

Did you mean this?
    npm run watch # run the "watch" package script

2023-01-20T16:53:40: To see a list of supported npm commands, run:
  npm help
2023-01-20T16:53:40: 2023-01-20T16:53:40: 2023-01-20T16:53:45: Unknown command: "watch"

Did you mean this?
    npm run watch # run the "watch" package script

2023-01-20T16:53:45: To see a list of supported npm commands, run:
  npm help
2023-01-20T16:53:45: 2023-01-20T16:53:45: 2023-01-20T16:53:49: Unknown command: "watch"

Did you mean this?
    npm run watch # run the "watch" package script

2023-01-20T16:53:49: To see a list of supported npm commands, run:
  npm help
2023-01-20T16:53:49: 2023-01-20T16:53:49: 2023-01-20T16:53:51: Unknown command: "watch"

Did you mean this?
    npm run watch # run the "watch" package script

2023-01-20T16:53:51: To see a list of supported npm commands, run:
  npm help
2023-01-20T16:53:51: 2023-01-20T16:53:51: 2023-01-20T16:53:53: Unknown command: "watch"

Did you mean this?
    npm run watch # run the "watch" package script

2023-01-20T16:53:53: To see a list of supported npm commands, run:
  npm help
2023-01-20T16:53:53: 2023-01-20T16:53:53: 2023-01-20T16:53:55: Unknown command: "watch"

Did you mean this?
    npm run watch # run the "watch" package script

2023-01-20T16:53:55: To see a list of supported npm commands, run:
  npm help
2023-01-20T16:53:55: 2023-01-20T16:53:55: 2023-01-20T16:53:57: Unknown command: "watch"

Did you mean this?
    npm run watch # run the "watch" package script

2023-01-20T16:53:57: To see a list of supported npm commands, run:
  npm help
2023-01-20T16:53:57: 2023-01-20T16:53:57: 2023-01-20T16:53:59: Unknown command: "watch"

Did you mean this?
    npm run watch # run the "watch" package script

2023-01-20T16:53:59: To see a list of supported npm commands, run:
  npm help
2023-01-20T16:53:59: 2023-01-20T16:53:59: 2023-01-20T16:54:01: Unknown command: "watch"

Did you mean this?
    npm run watch # run the "watch" package script

2023-01-20T16:54:01: To see a list of supported npm commands, run:
  npm help
2023-01-20T16:54:01: 2023-01-20T16:54:01: 2023-01-20T16:54:03: Unknown command: "watch"

Did you mean this?
    npm run watch # run the "watch" package script

2023-01-20T16:54:03: To see a list of supported npm commands, run:
  npm help
2023-01-20T16:54:03: 2023-01-20T16:54:03: 2023-01-20T16:54:05: Unknown command: "watch"

Did you mean this?
    npm run watch # run the "watch" package script

2023-01-20T16:54:05: To see a list of supported npm commands, run:
  npm help
2023-01-20T16:54:05: 2023-01-20T16:54:05: 2023-01-20T16:54:06: Unknown command: "watch"

Did you mean this?
    npm run watch # run the "watch" package script

2023-01-20T16:54:06: To see a list of supported npm commands, run:
  npm help
2023-01-20T16:54:06: 2023-01-20T16:54:06: 2023-01-20T16:54:09: Unknown command: "watch"

Did you mean this?
    npm run watch # run the "watch" package script

2023-01-20T16:54:09: To see a list of supported npm commands, run:
  npm help
2023-01-20T16:54:09: 2023-01-20T16:54:09: 2023-01-20T16:56:47: Unknown command: "watch"

Did you mean this?
    npm run watch # run the "watch" package script

2023-01-20T16:56:47: To see a list of supported npm commands, run:
  npm help
2023-01-20T16:56:47: 2023-01-20T16:56:47: 2023-01-20T16:56:48: Unknown command: "watch"

Did you mean this?
    npm run watch # run the "watch" package script

2023-01-20T16:56:48: To see a list of supported npm commands, run:
  npm help
2023-01-20T16:56:48: 2023-01-20T16:56:48: 2023-01-20T16:56:49: Unknown command: "watch"

Did you mean this?
    npm run watch # run the "watch" package script

2023-01-20T16:56:49: To see a list of supported npm commands, run:
  npm help
2023-01-20T16:56:49: 2023-01-20T16:56:49: 2023-01-20T16:56:50: Unknown command: "watch"

Did you mean this?
    npm run watch # run the "watch" package script

2023-01-20T16:56:50: To see a list of supported npm commands, run:
  npm help
2023-01-20T16:56:50: 2023-01-20T16:56:50: 2023-01-20T16:56:51: Unknown command: "watch"

Did you mean this?
    npm run watch # run the "watch" package script

2023-01-20T16:56:51: To see a list of supported npm commands, run:
  npm help
2023-01-20T16:56:51: 2023-01-20T16:56:51: 2023-01-20T16:56:52: Unknown command: "watch"

Did you mean this?
    npm run watch # run the "watch" package script

2023-01-20T16:56:52: To see a list of supported npm commands, run:
  npm help
2023-01-20T16:56:52: 2023-01-20T16:56:52: 2023-01-20T16:56:54: Unknown command: "watch"

Did you mean this?
    npm run watch # run the "watch" package script

2023-01-20T16:56:54: To see a list of supported npm commands, run:
  npm help
2023-01-20T16:56:54: 2023-01-20T16:56:54: 2023-01-20T16:56:55: Unknown command: "watch"

Did you mean this?
    npm run watch # run the "watch" package script

2023-01-20T16:56:55: To see a list of supported npm commands, run:
  npm help
2023-01-20T16:56:55: 2023-01-20T16:56:55: 2023-01-20T16:56:56: Unknown command: "watch"

Did you mean this?
    npm run watch # run the "watch" package script

2023-01-20T16:56:56: To see a list of supported npm commands, run:
  npm help
2023-01-20T16:56:56: 2023-01-20T16:56:56: 2023-01-20T16:56:57: Unknown command: "watch"

Did you mean this?
    npm run watch # run the "watch" package script

2023-01-20T16:56:57: To see a list of supported npm commands, run:
  npm help
2023-01-20T16:56:57: 2023-01-20T16:56:57: 2023-01-20T16:56:59: Unknown command: "watch"

Did you mean this?
    npm run watch # run the "watch" package script

2023-01-20T16:56:59: To see a list of supported npm commands, run:
  npm help
2023-01-20T16:56:59: 2023-01-20T16:56:59: 2023-01-20T16:57:00: Unknown command: "watch"

Did you mean this?
    npm run watch # run the "watch" package script

2023-01-20T16:57:00: To see a list of supported npm commands, run:
  npm help
2023-01-20T16:57:00: 2023-01-20T16:57:00: 2023-01-20T16:57:01: Unknown command: "watch"

Did you mean this?
    npm run watch # run the "watch" package script

2023-01-20T16:57:01: To see a list of supported npm commands, run:
  npm help
2023-01-20T16:57:01: 2023-01-20T16:57:01: 2023-01-20T16:57:03: Unknown command: "watch"

Did you mean this?
    npm run watch # run the "watch" package script

2023-01-20T16:57:03: To see a list of supported npm commands, run:
  npm help
2023-01-20T16:57:03: 2023-01-20T16:57:03: 2023-01-20T16:57:04: Unknown command: "watch"

Did you mean this?
    npm run watch # run the "watch" package script

2023-01-20T16:57:04: To see a list of supported npm commands, run:
  npm help
2023-01-20T16:57:04: 2023-01-20T16:57:04: 2023-01-20T16:57:05: Unknown command: "watch"

Did you mean this?
    npm run watch # run the "watch" package script

2023-01-20T16:57:05: To see a list of supported npm commands, run:
  npm help
2023-01-20T16:57:05: 2023-01-20T16:57:05: 2023-01-20T16:57:06: Unknown command: "watch"

Did you mean this?
    npm run watch # run the "watch" package script

2023-01-20T16:57:06: To see a list of supported npm commands, run:
  npm help
2023-01-20T16:57:06: 2023-01-20T16:57:06: 2023-01-20T16:57:07: Unknown command: "watch"

Did you mean this?
    npm run watch # run the "watch" package script

2023-01-20T16:57:07: To see a list of supported npm commands, run:
  npm help
2023-01-20T16:57:07: 2023-01-20T16:57:07: 2023-01-20T16:57:08: Unknown command: "watch"

Did you mean this?
    npm run watch # run the "watch" package script

2023-01-20T16:57:08: To see a list of supported npm commands, run:
  npm help
2023-01-20T16:57:08: 2023-01-20T16:57:08: 2023-01-20T16:57:10: Unknown command: "watch"

Did you mean this?
    npm run watch # run the "watch" package script

2023-01-20T16:57:10: To see a list of supported npm commands, run:
  npm help
2023-01-20T16:57:10: 2023-01-20T16:57:10: 2023-01-20T16:57:11: Unknown command: "watch"

Did you mean this?
    npm run watch # run the "watch" package script

2023-01-20T16:57:11: To see a list of supported npm commands, run:
  npm help
2023-01-20T16:57:11: 2023-01-20T16:57:11: 2023-01-20T16:57:12: Unknown command: "watch"

Did you mean this?
    npm run watch # run the "watch" package script

2023-01-20T16:57:12: To see a list of supported npm commands, run:
  npm help
2023-01-20T16:57:12: 2023-01-20T16:57:12: 2023-01-20T16:57:13: Unknown command: "watch"

Did you mean this?
    npm run watch # run the "watch" package script

2023-01-20T16:57:13: To see a list of supported npm commands, run:
  npm help
2023-01-20T16:57:13: 2023-01-20T16:57:13: 2023-01-20T16:57:14: Unknown command: "watch"

Did you mean this?
    npm run watch # run the "watch" package script

2023-01-20T16:57:14: To see a list of supported npm commands, run:
  npm help
2023-01-20T16:57:14: 2023-01-20T16:57:14: 2023-01-20T16:57:16: Unknown command: "watch"

Did you mean this?
    npm run watch # run the "watch" package script

2023-01-20T16:57:16: To see a list of supported npm commands, run:
  npm help
2023-01-20T16:57:16: 2023-01-20T16:57:16: 2023-01-20T16:57:17: Unknown command: "watch"

Did you mean this?
    npm run watch # run the "watch" package script

2023-01-20T16:57:17: To see a list of supported npm commands, run:
  npm help
2023-01-20T16:57:17: 2023-01-20T16:57:17: 2023-01-20T16:57:19: Unknown command: "watch"

Did you mean this?
    npm run watch # run the "watch" package script

2023-01-20T16:57:19: To see a list of supported npm commands, run:
  npm help
2023-01-20T16:57:19: 2023-01-20T16:57:19: 2023-01-20T16:57:20: Unknown command: "watch"

Did you mean this?
    npm run watch # run the "watch" package script

2023-01-20T16:57:20: To see a list of supported npm commands, run:
  npm help
2023-01-20T16:57:20: 2023-01-20T16:57:20: 2023-01-20T16:57:21: Unknown command: "watch"

Did you mean this?
    npm run watch # run the "watch" package script

2023-01-20T16:57:21: To see a list of supported npm commands, run:
  npm help
2023-01-20T16:57:21: 2023-01-20T16:57:21: 2023-01-20T16:57:22: Unknown command: "watch"

Did you mean this?
    npm run watch # run the "watch" package script

2023-01-20T16:57:22: To see a list of supported npm commands, run:
  npm help
2023-01-20T16:57:22: 2023-01-20T16:57:22: 2023-01-20T16:57:23: Unknown command: "watch"

Did you mean this?
    npm run watch # run the "watch" package script

2023-01-20T16:57:23: To see a list of supported npm commands, run:
  npm help
2023-01-20T16:57:23: 2023-01-20T16:57:23: 2023-01-20T16:57:24: Unknown command: "watch"

Did you mean this?
    npm run watch # run the "watch" package script

2023-01-20T16:57:24: To see a list of supported npm commands, run:
  npm help
2023-01-20T16:57:24: 2023-01-20T16:57:24: 2023-01-20T16:57:26: Unknown command: "watch"

Did you mean this?
    npm run watch # run the "watch" package script

2023-01-20T16:57:26: To see a list of supported npm commands, run:
  npm help
2023-01-20T16:57:26: 2023-01-20T16:57:26: 2023-01-20T16:57:27: Unknown command: "watch"

Did you mean this?
    npm run watch # run the "watch" package script

2023-01-20T16:57:27: To see a list of supported npm commands, run:
  npm help
2023-01-20T16:57:27: 2023-01-20T16:57:27: 2023-01-20T16:57:28: Unknown command: "watch"

Did you mean this?
    npm run watch # run the "watch" package script

2023-01-20T16:57:28: To see a list of supported npm commands, run:
  npm help
2023-01-20T16:57:28: 2023-01-20T16:57:28: 2023-01-20T16:57:29: Unknown command: "watch"

Did you mean this?
    npm run watch # run the "watch" package script

2023-01-20T16:57:29: To see a list of supported npm commands, run:
  npm help
2023-01-20T16:57:29: 2023-01-20T16:57:29: 2023-01-20T16:57:31: Unknown command: "watch"

Did you mean this?
    npm run watch # run the "watch" package script

2023-01-20T16:57:31: To see a list of supported npm commands, run:
  npm help
2023-01-20T16:57:31: 2023-01-20T16:57:31: 2023-01-20T16:57:32: Unknown command: "watch"

Did you mean this?
    npm run watch # run the "watch" package script

2023-01-20T16:57:32: To see a list of supported npm commands, run:
  npm help
2023-01-20T16:57:32: 2023-01-20T16:57:32: 2023-01-20T16:57:33: Unknown command: "watch"

Did you mean this?
    npm run watch # run the "watch" package script

2023-01-20T16:57:33: To see a list of supported npm commands, run:
  npm help
2023-01-20T16:57:33: 2023-01-20T16:57:33: 2023-01-20T16:57:34: Unknown command: "watch"

Did you mean this?
    npm run watch # run the "watch" package script

2023-01-20T16:57:34: To see a list of supported npm commands, run:
  npm help
2023-01-20T16:57:34: 2023-01-20T16:57:34: 2023-01-20T16:57:35: Unknown command: "watch"

Did you mean this?
    npm run watch # run the "watch" package script

2023-01-20T16:57:35: To see a list of supported npm commands, run:
  npm help
2023-01-20T16:57:35: 2023-01-20T16:57:35: 2023-01-20T16:57:37: Unknown command: "watch"

Did you mean this?
    npm run watch # run the "watch" package script

2023-01-20T16:57:37: To see a list of supported npm commands, run:
  npm help
2023-01-20T16:57:37: 2023-01-20T16:57:37: 2023-01-20T16:57:38: Unknown command: "watch"

Did you mean this?
    npm run watch # run the "watch" package script

2023-01-20T16:57:38: To see a list of supported npm commands, run:
  npm help
2023-01-20T16:57:38: 2023-01-20T16:57:38: 2023-01-20T16:57:39: Unknown command: "watch"

Did you mean this?
    npm run watch # run the "watch" package script

2023-01-20T16:57:39: To see a list of supported npm commands, run:
  npm help
2023-01-20T16:57:39: 2023-01-20T16:57:39: 2023-01-20T16:57:40: Unknown command: "watch"

Did you mean this?
    npm run watch # run the "watch" package script

2023-01-20T16:57:40: To see a list of supported npm commands, run:
  npm help
2023-01-20T16:57:40: 2023-01-20T16:57:40: 2023-01-20T16:57:41: Unknown command: "watch"

Did you mean this?
    npm run watch # run the "watch" package script

2023-01-20T16:57:42: To see a list of supported npm commands, run:
  npm help
2023-01-20T16:57:42: 2023-01-20T16:57:42: 2023-01-20T16:57:43: Unknown command: "watch"

Did you mean this?
    npm run watch # run the "watch" package script

2023-01-20T16:57:43: To see a list of supported npm commands, run:
  npm help
2023-01-20T16:57:43: 2023-01-20T16:57:43: 2023-01-20T16:57:44: Unknown command: "watch"

Did you mean this?
    npm run watch # run the "watch" package script

2023-01-20T16:57:44: To see a list of supported npm commands, run:
  npm help
2023-01-20T16:57:44: 2023-01-20T16:57:44: 2023-01-20T16:57:45: Unknown command: "watch"

Did you mean this?
    npm run watch # run the "watch" package script

2023-01-20T16:57:45: To see a list of supported npm commands, run:
  npm help
2023-01-20T16:57:45: 2023-01-20T16:57:45: 2023-01-20T16:57:46: Unknown command: "watch"

Did you mean this?
    npm run watch # run the "watch" package script

2023-01-20T16:57:46: To see a list of supported npm commands, run:
  npm help
2023-01-20T16:57:46: 2023-01-20T16:57:46: 2023-01-20T16:57:48: Unknown command: "watch"

Did you mean this?
    npm run watch # run the "watch" package script

2023-01-20T16:57:48: To see a list of supported npm commands, run:
  npm help
2023-01-20T16:57:48: 2023-01-20T16:57:48: 2023-01-20T16:57:49: Unknown command: "watch"

Did you mean this?
    npm run watch # run the "watch" package script

2023-01-20T16:57:49: To see a list of supported npm commands, run:
  npm help
2023-01-20T16:57:49: 2023-01-20T16:57:49: 2023-01-20T16:57:50: Unknown command: "watch"

Did you mean this?
    npm run watch # run the "watch" package script

2023-01-20T16:57:50: To see a list of supported npm commands, run:
  npm help
2023-01-20T16:57:50: 2023-01-20T16:57:50: 2023-01-20T16:57:51: Unknown command: "watch"

Did you mean this?
    npm run watch # run the "watch" package script

2023-01-20T16:57:51: To see a list of supported npm commands, run:
  npm help
2023-01-20T16:57:51: 2023-01-20T16:57:51: 2023-01-20T16:57:53: Unknown command: "watch"

Did you mean this?
    npm run watch # run the "watch" package script

2023-01-20T16:57:53: To see a list of supported npm commands, run:
  npm help
2023-01-20T16:57:53: 2023-01-20T16:57:53: 2023-01-20T16:57:54: Unknown command: "watch"

Did you mean this?
    npm run watch # run the "watch" package script

2023-01-20T16:57:54: To see a list of supported npm commands, run:
  npm help
2023-01-20T16:57:54: 2023-01-20T16:57:54: 2023-01-20T16:57:55: Unknown command: "watch"

Did you mean this?
    npm run watch # run the "watch" package script

2023-01-20T16:57:55: To see a list of supported npm commands, run:
  npm help
2023-01-20T16:57:55: 2023-01-20T16:57:55: 2023-01-20T16:57:56: Unknown command: "watch"

Did you mean this?
    npm run watch # run the "watch" package script

2023-01-20T16:57:56: To see a list of supported npm commands, run:
  npm help
2023-01-20T16:57:56: 2023-01-20T16:57:56: 2023-01-20T16:57:57: Unknown command: "watch"

Did you mean this?
    npm run watch # run the "watch" package script

2023-01-20T16:57:57: To see a list of supported npm commands, run:
  npm help
2023-01-20T16:57:57: 2023-01-20T16:57:57: 2023-01-20T16:57:59: Unknown command: "watch"

Did you mean this?
    npm run watch # run the "watch" package script

2023-01-20T16:57:59: To see a list of supported npm commands, run:
  npm help
2023-01-20T16:57:59: 2023-01-20T16:57:59: 2023-01-20T16:58:00: Unknown command: "watch"

Did you mean this?
    npm run watch # run the "watch" package script

2023-01-20T16:58:00: To see a list of supported npm commands, run:
  npm help
2023-01-20T16:58:00: 2023-01-20T16:58:00: 2023-01-20T16:58:01: Unknown command: "watch"

Did you mean this?
    npm run watch # run the "watch" package script

2023-01-20T16:58:01: To see a list of supported npm commands, run:
  npm help
2023-01-20T16:58:01: 2023-01-20T16:58:01: 2023-01-20T16:58:02: Unknown command: "watch"

Did you mean this?
    npm run watch # run the "watch" package script

2023-01-20T16:58:02: To see a list of supported npm commands, run:
  npm help
2023-01-20T16:58:02: 2023-01-20T16:58:02: 2023-01-20T16:58:04: Unknown command: "watch"

Did you mean this?
    npm run watch # run the "watch" package script

2023-01-20T16:58:04: To see a list of supported npm commands, run:
  npm help
2023-01-20T16:58:04: 2023-01-20T16:58:04: 2023-01-20T16:58:05: Unknown command: "watch"

Did you mean this?
    npm run watch # run the "watch" package script

2023-01-20T16:58:05: To see a list of supported npm commands, run:
  npm help
2023-01-20T16:58:05: 2023-01-20T16:58:05: 2023-01-20T16:58:06: Unknown command: "watch"

Did you mean this?
    npm run watch # run the "watch" package script

2023-01-20T16:58:06: To see a list of supported npm commands, run:
  npm help
2023-01-20T16:58:06: 2023-01-20T16:58:06: 2023-01-20T16:58:07: Unknown command: "watch"

Did you mean this?
    npm run watch # run the "watch" package script

2023-01-20T16:58:07: To see a list of supported npm commands, run:
  npm help
2023-01-20T16:58:07: 2023-01-20T16:58:07: 2023-01-20T16:58:08: Unknown command: "watch"

Did you mean this?
    npm run watch # run the "watch" package script

2023-01-20T16:58:08: To see a list of supported npm commands, run:
  npm help
2023-01-20T16:58:08: 2023-01-20T16:58:08: 2023-01-20T16:58:09: Unknown command: "watch"

Did you mean this?
    npm run watch # run the "watch" package script

2023-01-20T16:58:09: To see a list of supported npm commands, run:
  npm help
2023-01-20T16:58:09: 2023-01-20T16:58:09: 2023-01-20T16:58:11: Unknown command: "watch"

Did you mean this?
    npm run watch # run the "watch" package script

2023-01-20T16:58:11: To see a list of supported npm commands, run:
  npm help
2023-01-20T16:58:11: 2023-01-20T16:58:11: 2023-01-20T16:58:12: Unknown command: "watch"

Did you mean this?
    npm run watch # run the "watch" package script

2023-01-20T16:58:12: To see a list of supported npm commands, run:
  npm help
2023-01-20T16:58:12: 2023-01-20T16:58:12: 2023-01-20T16:58:13: Unknown command: "watch"

Did you mean this?
    npm run watch # run the "watch" package script

2023-01-20T16:58:13: To see a list of supported npm commands, run:
  npm help
2023-01-20T16:58:13: 2023-01-20T16:58:13: 2023-01-20T16:58:14: Unknown command: "watch"

Did you mean this?
    npm run watch # run the "watch" package script

2023-01-20T16:58:14: To see a list of supported npm commands, run:
  npm help
2023-01-20T16:58:14: 2023-01-20T16:58:14: 2023-01-20T16:58:16: Unknown command: "watch"

Did you mean this?
    npm run watch # run the "watch" package script

2023-01-20T16:58:16: To see a list of supported npm commands, run:
  npm help
2023-01-20T16:58:16: 2023-01-20T16:58:16: 2023-01-20T16:58:17: Unknown command: "watch"

Did you mean this?
    npm run watch # run the "watch" package script

2023-01-20T16:58:17: To see a list of supported npm commands, run:
  npm help
2023-01-20T16:58:17: 2023-01-20T16:58:17: 2023-01-20T16:58:18: Unknown command: "watch"

Did you mean this?
    npm run watch # run the "watch" package script

2023-01-20T16:58:18: To see a list of supported npm commands, run:
  npm help
2023-01-20T16:58:18: 2023-01-20T16:58:18: 2023-01-20T16:58:19: Unknown command: "watch"

Did you mean this?
    npm run watch # run the "watch" package script

2023-01-20T16:58:19: To see a list of supported npm commands, run:
  npm help
2023-01-20T16:58:19: 2023-01-20T16:58:19: 2023-01-20T16:58:20: Unknown command: "watch"

Did you mean this?
    npm run watch # run the "watch" package script

2023-01-20T16:58:20: To see a list of supported npm commands, run:
  npm help
2023-01-20T16:58:20: 2023-01-20T16:58:20: 2023-01-20T16:58:21: Unknown command: "watch"

Did you mean this?
    npm run watch # run the "watch" package script

2023-01-20T16:58:21: To see a list of supported npm commands, run:
  npm help
2023-01-20T16:58:21: 2023-01-20T16:58:21: 2023-01-20T16:58:23: Unknown command: "watch"

Did you mean this?
    npm run watch # run the "watch" package script

2023-01-20T16:58:23: To see a list of supported npm commands, run:
  npm help
2023-01-20T16:58:23: 2023-01-20T16:58:23: 2023-01-20T17:12:51: Unknown command: "watch"

Did you mean this?
    npm run watch # run the "watch" package script

2023-01-20T17:12:51: To see a list of supported npm commands, run:
  npm help
2023-01-20T17:12:51: 2023-01-20T17:12:51: 2023-01-20T17:12:52: Unknown command: "watch"

Did you mean this?
    npm run watch # run the "watch" package script

2023-01-20T17:12:52: To see a list of supported npm commands, run:
  npm help
2023-01-20T17:12:52: 2023-01-20T17:12:52: 2023-01-20T17:12:53: Unknown command: "watch"

Did you mean this?
    npm run watch # run the "watch" package script

2023-01-20T17:12:53: To see a list of supported npm commands, run:
  npm help
2023-01-20T17:12:53: 2023-01-20T17:12:53: 2023-01-20T17:12:54: Unknown command: "watch"

Did you mean this?
    npm run watch # run the "watch" package script

2023-01-20T17:12:54: To see a list of supported npm commands, run:
  npm help
2023-01-20T17:12:54: 2023-01-20T17:12:54: 2023-01-20T17:12:55: Unknown command: "watch"

Did you mean this?
    npm run watch # run the "watch" package script

2023-01-20T17:12:55: To see a list of supported npm commands, run:
  npm help
2023-01-20T17:12:55: 2023-01-20T17:12:55: 2023-01-20T17:12:57: Unknown command: "watch"

Did you mean this?
    npm run watch # run the "watch" package script

2023-01-20T17:12:57: To see a list of supported npm commands, run:
  npm help
2023-01-20T17:12:57: 2023-01-20T17:12:57: 2023-01-20T17:12:58: Unknown command: "watch"

Did you mean this?
    npm run watch # run the "watch" package script

2023-01-20T17:12:58: To see a list of supported npm commands, run:
  npm help
2023-01-20T17:12:58: 2023-01-20T17:12:58: 2023-01-20T17:12:59: Unknown command: "watch"

Did you mean this?
    npm run watch # run the "watch" package script

2023-01-20T17:12:59: To see a list of supported npm commands, run:
  npm help
2023-01-20T17:12:59: 2023-01-20T17:12:59: 2023-01-20T17:13:00: Unknown command: "watch"

Did you mean this?
    npm run watch # run the "watch" package script

2023-01-20T17:13:00: To see a list of supported npm commands, run:
  npm help
2023-01-20T17:13:00: 2023-01-20T17:13:00: 2023-01-20T17:13:01: Unknown command: "watch"

Did you mean this?
    npm run watch # run the "watch" package script

2023-01-20T17:13:01: To see a list of supported npm commands, run:
  npm help
2023-01-20T17:13:01: 2023-01-20T17:13:01: 2023-01-20T17:13:02: Unknown command: "watch"

Did you mean this?
    npm run watch # run the "watch" package script

2023-01-20T17:13:02: To see a list of supported npm commands, run:
  npm help
2023-01-20T17:13:02: 2023-01-20T17:13:02: 2023-01-20T17:13:03: Unknown command: "watch"

Did you mean this?
    npm run watch # run the "watch" package script

2023-01-20T17:13:03: To see a list of supported npm commands, run:
  npm help
2023-01-20T17:13:03: 2023-01-20T17:13:03: 2023-01-20T17:13:04: Unknown command: "watch"

Did you mean this?
    npm run watch # run the "watch" package script

2023-01-20T17:13:04: To see a list of supported npm commands, run:
  npm help
2023-01-20T17:13:04: 2023-01-20T17:13:04: 2023-01-20T17:13:05: Unknown command: "watch"

Did you mean this?
    npm run watch # run the "watch" package script

2023-01-20T17:13:05: To see a list of supported npm commands, run:
  npm help
2023-01-20T17:13:05: 2023-01-20T17:13:05: 2023-01-20T17:13:06: Unknown command: "watch"

Did you mean this?
    npm run watch # run the "watch" package script

2023-01-20T17:13:06: To see a list of supported npm commands, run:
  npm help
2023-01-20T17:13:06: 2023-01-20T17:13:06: 2023-01-20T17:13:08: Unknown command: "watch"

Did you mean this?
    npm run watch # run the "watch" package script

2023-01-20T17:13:08: To see a list of supported npm commands, run:
  npm help
2023-01-20T17:13:08: 2023-01-20T17:13:08: 2023-01-20T17:13:09: Unknown command: "watch"

Did you mean this?
    npm run watch # run the "watch" package script

2023-01-20T17:13:09: To see a list of supported npm commands, run:
  npm help
2023-01-20T17:13:09: 2023-01-20T17:13:09: 2023-01-20T17:13:10: Unknown command: "watch"

Did you mean this?
    npm run watch # run the "watch" package script

2023-01-20T17:13:11: To see a list of supported npm commands, run:
  npm help
2023-01-20T17:13:11: 2023-01-20T17:13:11: 2023-01-20T17:13:12: Unknown command: "watch"

Did you mean this?
    npm run watch # run the "watch" package script

2023-01-20T17:13:12: To see a list of supported npm commands, run:
  npm help
2023-01-20T17:13:12: 2023-01-20T17:13:12: 2023-01-20T17:13:13: Unknown command: "watch"

Did you mean this?
    npm run watch # run the "watch" package script

2023-01-20T17:13:13: To see a list of supported npm commands, run:
  npm help
2023-01-20T17:13:13: 2023-01-20T17:13:13: 2023-01-20T17:13:14: Unknown command: "watch"

Did you mean this?
    npm run watch # run the "watch" package script

2023-01-20T17:13:14: To see a list of supported npm commands, run:
  npm help
2023-01-20T17:13:14: 2023-01-20T17:13:14: 2023-01-20T17:13:15: Unknown command: "watch"

Did you mean this?
    npm run watch # run the "watch" package script

2023-01-20T17:13:15: To see a list of supported npm commands, run:
  npm help
2023-01-20T17:13:15: 2023-01-20T17:13:15: 2023-01-20T17:13:17: Unknown command: "watch"

Did you mean this?
    npm run watch # run the "watch" package script

2023-01-20T17:13:17: To see a list of supported npm commands, run:
  npm help
2023-01-20T17:13:17: 2023-01-20T17:13:17: 2023-01-20T17:13:18: Unknown command: "watch"

Did you mean this?
    npm run watch # run the "watch" package script

2023-01-20T17:13:18: To see a list of supported npm commands, run:
  npm help
2023-01-20T17:13:18: 2023-01-20T17:13:18: 2023-01-20T17:13:19: Unknown command: "watch"

Did you mean this?
    npm run watch # run the "watch" package script

2023-01-20T17:13:19: To see a list of supported npm commands, run:
  npm help
2023-01-20T17:13:19: 2023-01-20T17:13:19: 2023-01-20T17:13:20: Unknown command: "watch"

Did you mean this?
    npm run watch # run the "watch" package script

2023-01-20T17:13:20: To see a list of supported npm commands, run:
  npm help
2023-01-20T17:13:20: 2023-01-20T17:13:20: 2023-01-20T17:13:22: Unknown command: "watch"

Did you mean this?
    npm run watch # run the "watch" package script

2023-01-20T17:13:22: To see a list of supported npm commands, run:
  npm help
2023-01-20T17:13:22: 2023-01-20T17:13:22: 2023-01-20T17:13:23: Unknown command: "watch"

Did you mean this?
    npm run watch # run the "watch" package script

2023-01-20T17:13:23: To see a list of supported npm commands, run:
  npm help
2023-01-20T17:13:23: 2023-01-20T17:13:23: 2023-01-20T17:13:24: Unknown command: "watch"

Did you mean this?
    npm run watch # run the "watch" package script

2023-01-20T17:13:24: To see a list of supported npm commands, run:
  npm help
2023-01-20T17:13:24: 2023-01-20T17:13:24: 2023-01-20T17:13:25: Unknown command: "watch"

Did you mean this?
    npm run watch # run the "watch" package script

2023-01-20T17:13:25: To see a list of supported npm commands, run:
  npm help
2023-01-20T17:13:25: 2023-01-20T17:13:25: 2023-01-20T17:13:26: Unknown command: "watch"

Did you mean this?
    npm run watch # run the "watch" package script

2023-01-20T17:13:26: To see a list of supported npm commands, run:
  npm help
2023-01-20T17:13:26: 2023-01-20T17:13:26: 2023-01-20T17:13:28: Unknown command: "watch"

Did you mean this?
    npm run watch # run the "watch" package script

2023-01-20T17:13:28: To see a list of supported npm commands, run:
  npm help
2023-01-20T17:13:28: 2023-01-20T17:13:28: 2023-01-20T17:13:29: Unknown command: "watch"

Did you mean this?
    npm run watch # run the "watch" package script

2023-01-20T17:13:29: To see a list of supported npm commands, run:
  npm help
2023-01-20T17:13:29: 2023-01-20T17:13:29: 2023-01-20T17:13:30: Unknown command: "watch"

Did you mean this?
    npm run watch # run the "watch" package script

2023-01-20T17:13:30: To see a list of supported npm commands, run:
  npm help
2023-01-20T17:13:30: 2023-01-20T17:13:30: 2023-01-20T17:13:31: Unknown command: "watch"

Did you mean this?
    npm run watch # run the "watch" package script

2023-01-20T17:13:31: To see a list of supported npm commands, run:
  npm help
2023-01-20T17:13:31: 2023-01-20T17:13:31: 2023-01-20T17:13:32: Unknown command: "watch"

Did you mean this?
    npm run watch # run the "watch" package script

2023-01-20T17:13:32: To see a list of supported npm commands, run:
  npm help
2023-01-20T17:13:32: 2023-01-20T17:13:32: 2023-01-20T17:13:34: Unknown command: "watch"

Did you mean this?
    npm run watch # run the "watch" package script

2023-01-20T17:13:34: To see a list of supported npm commands, run:
  npm help
2023-01-20T17:13:34: 2023-01-20T17:13:34: 2023-01-20T17:13:35: Unknown command: "watch"

Did you mean this?
    npm run watch # run the "watch" package script

2023-01-20T17:13:35: To see a list of supported npm commands, run:
  npm help
2023-01-20T17:13:35: 2023-01-20T17:13:35: 2023-01-20T17:13:36: Unknown command: "watch"

Did you mean this?
    npm run watch # run the "watch" package script

2023-01-20T17:13:36: To see a list of supported npm commands, run:
  npm help
2023-01-20T17:13:36: 2023-01-20T17:13:36: 2023-01-20T17:13:37: Unknown command: "watch"

Did you mean this?
    npm run watch # run the "watch" package script

2023-01-20T17:13:37: To see a list of supported npm commands, run:
  npm help
2023-01-20T17:13:37: 2023-01-20T17:13:37: 2023-01-20T17:13:38: Unknown command: "watch"

Did you mean this?
    npm run watch # run the "watch" package script

2023-01-20T17:13:38: To see a list of supported npm commands, run:
  npm help
2023-01-20T17:13:38: 2023-01-20T17:13:38: 2023-01-20T17:13:40: Unknown command: "watch"

Did you mean this?
    npm run watch # run the "watch" package script

2023-01-20T17:13:40: To see a list of supported npm commands, run:
  npm help
2023-01-20T17:13:40: 2023-01-20T17:13:40: 2023-01-20T17:13:41: Unknown command: "watch"

Did you mean this?
    npm run watch # run the "watch" package script

2023-01-20T17:13:41: To see a list of supported npm commands, run:
  npm help
2023-01-20T17:13:41: 2023-01-20T17:13:41: 2023-01-20T17:13:42: Unknown command: "watch"

Did you mean this?
    npm run watch # run the "watch" package script

2023-01-20T17:13:42: To see a list of supported npm commands, run:
  npm help
2023-01-20T17:13:42: 2023-01-20T17:13:42: 2023-01-20T17:13:43: Unknown command: "watch"

Did you mean this?
    npm run watch # run the "watch" package script

2023-01-20T17:13:43: To see a list of supported npm commands, run:
  npm help
2023-01-20T17:13:43: 2023-01-20T17:13:43: 2023-01-20T17:13:44: Unknown command: "watch"

Did you mean this?
    npm run watch # run the "watch" package script

2023-01-20T17:13:44: To see a list of supported npm commands, run:
  npm help
2023-01-20T17:13:44: 2023-01-20T17:13:44: 2023-01-20T17:13:46: Unknown command: "watch"

Did you mean this?
    npm run watch # run the "watch" package script

2023-01-20T17:13:46: To see a list of supported npm commands, run:
  npm help
2023-01-20T17:13:46: 2023-01-20T17:13:46: 2023-01-20T17:13:47: Unknown command: "watch"

Did you mean this?
    npm run watch # run the "watch" package script

2023-01-20T17:13:47: To see a list of supported npm commands, run:
  npm help
2023-01-20T17:13:47: 2023-01-20T17:13:47: 2023-01-20T17:13:48: Unknown command: "watch"

Did you mean this?
    npm run watch # run the "watch" package script

2023-01-20T17:13:48: To see a list of supported npm commands, run:
  npm help
2023-01-20T17:13:48: 2023-01-20T17:13:48: 2023-01-20T17:13:49: Unknown command: "watch"

Did you mean this?
    npm run watch # run the "watch" package script

2023-01-20T17:13:49: To see a list of supported npm commands, run:
  npm help
2023-01-20T17:13:49: 2023-01-20T17:13:49: 2023-01-20T17:13:50: Unknown command: "watch"

Did you mean this?
    npm run watch # run the "watch" package script

2023-01-20T17:13:50: To see a list of supported npm commands, run:
  npm help
2023-01-20T17:13:50: 2023-01-20T17:13:50: 2023-01-20T17:13:51: Unknown command: "watch"

Did you mean this?
    npm run watch # run the "watch" package script

2023-01-20T17:13:51: To see a list of supported npm commands, run:
  npm help
2023-01-20T17:13:51: 2023-01-20T17:13:51: 2023-01-20T17:13:52: Unknown command: "watch"

Did you mean this?
    npm run watch # run the "watch" package script

2023-01-20T17:13:52: To see a list of supported npm commands, run:
  npm help
2023-01-20T17:13:52: 2023-01-20T17:13:52: 2023-01-20T17:13:54: Unknown command: "watch"

Did you mean this?
    npm run watch # run the "watch" package script

2023-01-20T17:13:54: To see a list of supported npm commands, run:
  npm help
2023-01-20T17:13:54: 2023-01-20T17:13:54: 2023-01-20T17:13:55: Unknown command: "watch"

Did you mean this?
    npm run watch # run the "watch" package script

2023-01-20T17:13:55: To see a list of supported npm commands, run:
  npm help
2023-01-20T17:13:55: 2023-01-20T17:13:55: 2023-01-20T17:13:56: Unknown command: "watch"

Did you mean this?
    npm run watch # run the "watch" package script

2023-01-20T17:13:56: To see a list of supported npm commands, run:
  npm help
2023-01-20T17:13:56: 2023-01-20T17:13:56: 